2026-01-04 14:10:19 - Images directory: D:\xammp\htdocs\DevOpsSystem-main\image
2026-01-04 14:10:19 - Uploading file Phoenix_10_Closeup_cinematic_shot_of_Korah_matching_the_provid_0.jpg tmp=D:\xammp\tmp\phpE09C.tmp -> dest=D:\xammp\htdocs\DevOpsSystem-main\image\logo-1767532219.jpg
2026-01-04 14:10:19 - Prepared to set SITE_LOGO to image/logo-1767532219.jpg
2026-01-04 14:10:19 - Wrote site config file, bytes=906 newLogo=image/logo-1767532219.jpg
2026-01-04 14:14:09 - Images directory: D:\xammp\htdocs\DevOpsSystem-main\image
2026-01-04 14:14:09 - Uploading file Phoenix_10_Closeup_of_one_young_to_middleaged_son_of_Korah_sta_1.jpg tmp=D:\xammp\tmp\php638A.tmp -> dest=D:\xammp\htdocs\DevOpsSystem-main\image\logo-1767532449.jpg
2026-01-04 14:14:09 - Prepared to set SITE_LOGO to image/logo-1767532449.jpg
2026-01-04 14:14:09 - Wrote cleaned site config file, bytes=250 newLogo=image/logo-1767532449.jpg
2026-01-04 15:20:40 - PROFILE: Profile updated: inst=Arayat institut email=unknown@gmail.com
2026-01-04 15:20:45 - PROFILE: Profile updated: inst=Arayat institut email=unknown@gmail.com
2026-01-04 15:22:20 - PROFILE: Wrote profile to site.php bytes=518
2026-01-04 15:22:20 - PROFILE: Profile updated: inst=Arayat institut email=unknown@gmail.com
2026-01-04 15:22:39 - Images directory: D:\xammp\htdocs\DevOpsSystem-main\image
2026-01-04 15:22:39 - Uploading file Phoenix_10_Closeup_contemplative_shot_of_an_Israelite_man_from_3.jpg tmp=D:\xammp\tmp\php1C5E.tmp -> dest=D:\xammp\htdocs\DevOpsSystem-main\image\logo-1767536559.jpg
2026-01-04 15:22:39 - Prepared to set SITE_LOGO to image/logo-1767536559.jpg
2026-01-04 15:22:39 - Wrote cleaned site config file, bytes=556 newLogo=image/logo-1767536559.jpg
2026-01-04 15:23:13 - Images directory: D:\xammp\htdocs\DevOpsSystem-main\image
2026-01-04 15:23:13 - Uploading file Phoenix_10_Closeup_cinematic_shot_of_Korah_matching_the_provid_0.jpg tmp=D:\xammp\tmp\phpA054.tmp -> dest=D:\xammp\htdocs\DevOpsSystem-main\image\logo-1767536593.jpg
2026-01-04 15:23:13 - Prepared to set SITE_LOGO to image/logo-1767536593.jpg
2026-01-04 15:23:13 - Wrote cleaned site config file, bytes=594 newLogo=image/logo-1767536593.jpg
2026-01-04 15:32:47 - COVER: Uploaded cover cover-1767537167.png
2026-01-04 15:35:43 - COVER: Updated cover image/cover-1767537167.png title=unasdasd
2026-01-04 17:18:20 - CARD: Updated card 0 title=ontent Management System
2026-01-04 17:18:52 - CARD: Updated card 0 title=Content Management System
2026-01-04 17:21:47 - CARD: Updated card 0 title=Content Management System
2026-01-04 17:24:37 - COVER: Deleted cover file: D:\xammp\htdocs\DevOpsSystem-main\image\cover-1767537167.png
2026-01-05 15:41:53 - Images directory: D:\xammp\htdocs\DevOpsSystem-main\image
2026-01-05 15:41:53 - Uploading file Phoenix_10_Medium_shot_of_Korah_in_the_Sinai_wilderness_active_3.jpg tmp=D:\xammp\tmp\php10B9.tmp -> dest=D:\xammp\htdocs\DevOpsSystem-main\image\logo-1767624113.jpg
2026-01-05 15:41:53 - Prepared to set SITE_LOGO to image/logo-1767624113.jpg
2026-01-05 15:41:53 - Wrote cleaned site config file, bytes=632 newLogo=image/logo-1767624113.jpg
2026-01-05 16:09:26 - PROFILE: Wrote profile to site.php bytes=633
2026-01-05 16:09:26 - PROFILE: Profile updated: inst=Arayat institu email=unknown@gmail.com
2026-01-07 03:02:56 - Images directory: D:\xammp\htdocs\DevOpsSystem-main\image
2026-01-07 03:03:03 - Images directory: D:\xammp\htdocs\DevOpsSystem-main\image
2026-01-07 03:03:03 - Uploading file canva-nature-landscape-MAGuOvAauWc.jpg tmp=D:\xammp\tmp\php784C.tmp -> dest=D:\xammp\htdocs\DevOpsSystem-main\image\logo-1767751383.jpg
2026-01-07 03:03:03 - Prepared to set SITE_LOGO to image/logo-1767751383.jpg
2026-01-07 03:03:03 - Wrote cleaned site config file, bytes=671 newLogo=image/logo-1767751383.jpg
2026-01-07 03:19:54 - PROFILE: Wrote profile to site.php bytes=739
2026-01-07 03:19:54 - PROFILE: Profile updated: inst=Arayat instituvhasvjhvhjvjhjhvjhvsjvhSJVHsjhvsajvhSVJHSJHVasjhvAS email=unknown@gmail.com
2026-01-07 03:20:35 - PROFILE: Wrote profile to site.php bytes=697
2026-01-07 03:20:35 - PROFILE: Profile updated: inst=Arayat instituhvsajvhSVJHSJHVasjhvAS email=unknown@gmail.com
2026-01-07 03:21:00 - PROFILE: Wrote profile to site.php bytes=677
2026-01-07 03:21:00 - PROFILE: Profile updated: inst=Arayat institu email=unknown@gmail.com
2026-01-07 03:54:53 - PROFILE: Wrote profile to site.php bytes=701
2026-01-07 03:54:53 - PROFILE: Profile updated: inst=Arayat instituasdasdasdasdasdasdasda email=unknown@gmail.com
2026-01-07 03:55:25 - PROFILE: Wrote profile to site.php bytes=681
2026-01-07 03:55:25 - PROFILE: Profile updated: inst=Arayat institu email=unknown@gmail.com
2026-01-07 04:00:29 - COVER: Uploaded cover cover-1767754829.jpg title=
2026-01-07 04:02:00 - COVER: Updated cover image/cover-1767754829.jpg title=dasdas
2026-01-07 04:03:23 - COVER: Uploaded cover cover-1767755003.jpg title=sadasd
2026-01-07 04:04:00 - COVER: Deleted cover file: D:\xammp\htdocs\DevOpsSystem-main\image\cover-1767755003.jpg
2026-01-07 04:04:04 - COVER: Deleted cover file: D:\xammp\htdocs\DevOpsSystem-main\image\cover-1767754829.jpg
2026-01-07 04:08:02 - COVER: Uploaded cover cover-1767755282.jpg title=dasda
2026-01-07 04:08:11 - COVER: Deleted cover file: D:\xammp\htdocs\DevOpsSystem-main\image\cover-1767755282.jpg
2026-01-07 04:16:02 - COVER: Uploaded cover cover-1767755762.jpg title=asdasd
2026-01-07 04:19:12 - COVER: Updated cover image/cover-1767755762.jpg title=
2026-01-07 04:19:19 - COVER: Updated cover image/cover-1767755762.jpg title=
2026-01-07 04:19:22 - COVER: Updated cover image/cover-1767755762.jpg title=
2026-01-07 04:19:26 - COVER: Updated cover image/cover-1767755762.jpg title=
2026-01-07 04:19:39 - COVER: Updated cover image/cover-1767755762.jpg title=asda
2026-01-07 04:22:32 - COVER: Updated cover image/cover-1767755762.jpg title=
2026-01-07 04:22:43 - COVER: Updated cover image/cover-1767755762.jpg title=
2026-01-07 04:22:54 - COVER: Deleted cover file: D:\xammp\htdocs\DevOpsSystem-main\image\cover-1767755762.jpg
2026-01-07 04:23:00 - COVER: Uploaded cover cover-1767756180.jpg title=asdasd
2026-01-07 04:23:05 - COVER: Updated cover image/cover-1767756180.jpg title=
2026-01-07 04:24:39 - COVER: Updated cover image/cover-1767756180.jpg title=
2026-01-07 04:24:45 - COVER: Updated cover image/cover-1767756180.jpg title=dasda
2026-01-07 04:26:31 - COVER: Uploaded cover cover-1767756391.jpg title=ssssss
2026-01-07 04:26:47 - COVER: Deleted cover file: D:\xammp\htdocs\DevOpsSystem-main\image\cover-1767756391.jpg
2026-01-07 04:30:15 - COVER: Uploaded cover cover-1767756615.jpg title=
2026-01-07 04:30:21 - COVER: Updated cover image/cover-1767756615.jpg title=dasd
2026-01-07 04:30:24 - COVER: Deleted cover file: D:\xammp\htdocs\DevOpsSystem-main\image\cover-1767756615.jpg
2026-01-07 04:30:28 - COVER: Deleted cover file: D:\xammp\htdocs\DevOpsSystem-main\image\cover-1767756180.jpg
2026-01-09 04:32:10 - PROFILE: Wrote profile to site.php bytes=685
2026-01-09 04:32:10 - PROFILE: Profile updated: inst=Arayat institute email=unknown@gmail.com
2026-01-09 05:00:32 - Images directory: C:\xampp\htdocs\DevOpsSystem-main\DevOpsSystem-main\image
2026-01-09 05:00:32 - Uploading file Logo.png tmp=C:\xampp\tmp\phpCBEF.tmp -> dest=C:\xampp\htdocs\DevOpsSystem-main\DevOpsSystem-main\image\logo-1767931232.png
2026-01-09 05:00:32 - Prepared to set SITE_LOGO to image/logo-1767931232.png
2026-01-09 05:00:32 - Wrote cleaned site config file, bytes=723 newLogo=image/logo-1767931232.png
2026-01-09 05:02:40 - COVER: Uploaded cover cover-1767931360.jpg title=
2026-01-09 05:04:46 - COVER: Updated cover image/cover-1767931360.jpg title=
2026-01-10 04:44:44 - COVER: Deleted cover file: C:\xampp\htdocs\DevOpsSystem-main\DevOpsSystem-main\image\cover-1767931360.jpg
2026-01-10 04:45:16 - COVER: Uploaded cover cover-1768016716.jpg title=
2026-01-10 04:46:16 - COVER: Uploaded cover cover-1768016776.jpg title=
2026-01-10 04:46:25 - COVER: Uploaded cover cover-1768016785.jpg title=
2026-01-10 10:54:30 - PROFILE: Wrote profile to site.php bytes=773
2026-01-10 10:54:30 - PROFILE: Profile updated: inst=Holy Cross College Pampanga email=info@holycrosscollegepampanga.edu.ph
2026-01-11 08:22:13 - Images directory: C:\xampp\htdocs\DevOpsSystem-main\DevOpsSystem-main\image
2026-01-11 08:22:13 - Uploading file logo-1767531911.jpg tmp=C:\xampp\tmp\php3330.tmp -> dest=C:\xampp\htdocs\DevOpsSystem-main\DevOpsSystem-main\image\logo-1768116133.jpg
2026-01-11 08:22:13 - Prepared to set SITE_LOGO to image/logo-1768116133.jpg
2026-01-11 08:22:13 - Wrote cleaned site config file, bytes=811 newLogo=image/logo-1768116133.jpg
2026-01-11 08:22:27 - PROFILE: Wrote profile to site.php bytes=817
2026-01-11 08:22:27 - PROFILE: Profile updated: inst=Holy Cross College Pampanga1 email=info@holycrosscollegepampanga.edu.ph1
2026-01-11 08:22:38 - COVER: Uploaded cover cover-1768116158.jpg title=
2026-01-11 08:23:42 - Images directory: C:\xampp\htdocs\DevOpsSystem-main\DevOpsSystem-main\image
2026-01-11 08:23:42 - Uploading file Logo.png tmp=C:\xampp\tmp\php8D83.tmp -> dest=C:\xampp\htdocs\DevOpsSystem-main\DevOpsSystem-main\image\logo-1768116222.png
2026-01-11 08:23:42 - Prepared to set SITE_LOGO to image/logo-1768116222.png
2026-01-11 08:23:42 - Wrote cleaned site config file, bytes=855 newLogo=image/logo-1768116222.png
2026-01-11 08:23:52 - PROFILE: Wrote profile to site.php bytes=852
2026-01-11 08:23:52 - PROFILE: Profile updated: inst=Holy Cross College Pampanga email=info@holycrosscollegepampanga.edu.ph
2026-01-11 08:23:55 - COVER: Deleted cover file: C:\xampp\htdocs\DevOpsSystem-main\DevOpsSystem-main\image\cover-1768116158.jpg
2026-01-11 08:59:43 - PROFILE: Wrote profile to site.php bytes=857
2026-01-11 08:59:43 - PROFILE: Profile updated: inst=Holy Cross College Pampangas email=info@holycrosscollegepampanga.edu.phs
